<?xml version="1.0" encoding="UTF-8"?>
<!-- Generated by org.testng.reporters.JUnitXMLReporter -->
<testsuite hostname="DESKTOP-OTFAGLF" ignored="0" name="Default test" tests="3" failures="0" timestamp="02 Sep 2019 15:24:06 GMT" time="62.094" errors="0">
  <testcase name="Alogin" time="16.544" classname="EdubioSkills.LoginPage"/>
  <testcase name="Blogin" time="12.246" classname="EdubioSkills.LoginPage"/>
  <testcase name="AProductCategories" time="0.166" classname="EdubioSkills.HomePageTabs"/>
</testsuite> <!-- Default test -->
