<?xml version="1.0" encoding="UTF-8"?>
<!-- Generated by org.testng.reporters.JUnitXMLReporter -->
<testsuite hostname="DESKTOP-OTFAGLF" ignored="0" name="Test" tests="3" failures="0" timestamp="02 Sep 2019 17:15:55 GMT" time="74.854" errors="0">
  <testcase name="Alogin" time="22.907" classname="EdubioSkills.LoginPage"/>
  <testcase name="Blogin" time="12.707" classname="EdubioSkills.LoginPage"/>
  <testcase name="AProductCategories" time="0.276" classname="EdubioSkills.HomePageTabs"/>
</testsuite> <!-- Test -->
